{
  "RSpec": {
    "coverage": {
      "/Users/alexferencz/turing/attempt_2_MOD1/projects/enigma/spec/enigma_spec.rb": {
        "lines": [
          1,
          1,
          null,
          1,
          null,
          1,
          1,
          null,
          1,
          null,
          null,
          1,
          1,
          null,
          1,
          null,
          null,
          1,
          1,
          1,
          1,
          1,
          null,
          null,
          1,
          null,
          null,
          1,
          1,
          1,
          1,
          0,
          null,
          null,
          1,
          1,
          null,
          null,
          1,
          1,
          1,
          1,
          1,
          null,
          null,
          1,
          null,
          null,
          null,
          1,
          null,
          null,
          null,
          1,
          null,
          null,
          null,
          null,
          null,
          1,
          1,
          1,
          1,
          0,
          null,
          null,
          1,
          null,
          null,
          null,
          1,
          null,
          null,
          null,
          null,
          null
        ]
      },
      "/Users/alexferencz/turing/attempt_2_MOD1/projects/enigma/lib/enigma.rb": {
        "lines": [
          1,
          null,
          1,
          1,
          1,
          null,
          null,
          1,
          1,
          1,
          null,
          null,
          1,
          9,
          2,
          null,
          7,
          35,
          null,
          null,
          null,
          null,
          1,
          7,
          7,
          7,
          28,
          null,
          7,
          7,
          7,
          7,
          28,
          28,
          28,
          null,
          7,
          28,
          null,
          7,
          null,
          null,
          1,
          3,
          2,
          null,
          3,
          1,
          null,
          3,
          3,
          3,
          3,
          3,
          3,
          42,
          9,
          null,
          42,
          3,
          3,
          3,
          null,
          3,
          null,
          39,
          29,
          6,
          6,
          null,
          23,
          23,
          null,
          10,
          9,
          9,
          1,
          1,
          1,
          null,
          null,
          42,
          null,
          3,
          3,
          3,
          3,
          null,
          null,
          1,
          2,
          1,
          null,
          2,
          0,
          null,
          2,
          2,
          2,
          2,
          2,
          2,
          28,
          6,
          null,
          28,
          1,
          1,
          27,
          18,
          18,
          9,
          9,
          4,
          4,
          5,
          2,
          2,
          null,
          3,
          3,
          null,
          null,
          28,
          null,
          2,
          2,
          2,
          2,
          null,
          null
        ]
      }
    },
    "timestamp": 1619501190
  }
}
